This file contains any messages produced by compilers while
running configure, to aid debugging if configure makes a mistake.

It was created by GD configure 2.2.2, which was
generated by GNU Autoconf 2.69.  Invocation command line was

  $ ./configure 

## --------- ##
## Platform. ##
## --------- ##

hostname = dev.globusgenomics.org
uname -m = x86_64
uname -r = 3.13.0-83-generic
uname -s = Linux
uname -v = #127-Ubuntu SMP Fri Mar 11 00:25:37 UTC 2016

/usr/bin/uname -p = unknown
/bin/uname -X     = unknown

/bin/arch              = unknown
/usr/bin/arch -k       = unknown
/usr/convex/getsysinfo = unknown
/usr/bin/hostinfo      = unknown
/bin/machine           = unknown
/usr/bin/oslevel       = unknown
/bin/universe          = unknown

PATH: /usr/local/sbin
PATH: /usr/local/bin
PATH: /usr/sbin
PATH: /usr/bin
PATH: /sbin
PATH: /bin
PATH: /usr/games
PATH: /usr/local/games


## ----------- ##
## Core tests. ##
## ----------- ##

configure:2379: checking build system type
configure:2393: result: x86_64-unknown-linux-gnu
configure:2413: checking host system type
configure:2426: result: x86_64-unknown-linux-gnu
configure:2495: checking for a BSD-compatible install
configure:2563: result: /usr/bin/install -c
configure:2574: checking whether build environment is sane
configure:2629: result: yes
configure:2780: checking for a thread-safe mkdir -p
configure:2819: result: /bin/mkdir -p
configure:2826: checking for gawk
configure:2842: found /usr/bin/gawk
configure:2853: result: gawk
configure:2864: checking whether make sets $(MAKE)
configure:2886: result: yes
configure:2915: checking whether make supports nested variables
configure:2932: result: yes
configure:3073: checking for style of include used by make
configure:3101: result: GNU
configure:3172: checking for gcc
configure:3188: found /usr/bin/gcc
configure:3199: result: gcc
configure:3428: checking for C compiler version
configure:3437: gcc --version >&5
gcc (Ubuntu 4.8.4-2ubuntu1~14.04.3) 4.8.4
Copyright (C) 2013 Free Software Foundation, Inc.
This is free software; see the source for copying conditions.  There is NO
warranty; not even for MERCHANTABILITY or FITNESS FOR A PARTICULAR PURPOSE.

configure:3448: $? = 0
configure:3437: gcc -v >&5
Using built-in specs.
COLLECT_GCC=gcc
COLLECT_LTO_WRAPPER=/usr/lib/gcc/x86_64-linux-gnu/4.8/lto-wrapper
Target: x86_64-linux-gnu
Configured with: ../src/configure -v --with-pkgversion='Ubuntu 4.8.4-2ubuntu1~14.04.3' --with-bugurl=file:///usr/share/doc/gcc-4.8/README.Bugs --enable-languages=c,c++,java,go,d,fortran,objc,obj-c++ --prefix=/usr --program-suffix=-4.8 --enable-shared --enable-linker-build-id --libexecdir=/usr/lib --without-included-gettext --enable-threads=posix --with-gxx-include-dir=/usr/include/c++/4.8 --libdir=/usr/lib --enable-nls --with-sysroot=/ --enable-clocale=gnu --enable-libstdcxx-debug --enable-libstdcxx-time=yes --enable-gnu-unique-object --disable-libmudflap --enable-plugin --with-system-zlib --disable-browser-plugin --enable-java-awt=gtk --enable-gtk-cairo --with-java-home=/usr/lib/jvm/java-1.5.0-gcj-4.8-amd64/jre --enable-java-home --with-jvm-root-dir=/usr/lib/jvm/java-1.5.0-gcj-4.8-amd64 --with-jvm-jar-dir=/usr/lib/jvm-exports/java-1.5.0-gcj-4.8-amd64 --with-arch-directory=amd64 --with-ecj-jar=/usr/share/java/eclipse-ecj.jar --enable-objc-gc --enable-multiarch --disable-werror --with-arch-32=i686 --with-abi=m64 --with-multilib-list=m32,m64,mx32 --with-tune=generic --enable-checking=release --build=x86_64-linux-gnu --host=x86_64-linux-gnu --target=x86_64-linux-gnu
Thread model: posix
gcc version 4.8.4 (Ubuntu 4.8.4-2ubuntu1~14.04.3) 
configure:3448: $? = 0
configure:3437: gcc -V >&5
gcc: error: unrecognized command line option '-V'
gcc: fatal error: no input files
compilation terminated.
configure:3448: $? = 4
configure:3437: gcc -qversion >&5
gcc: error: unrecognized command line option '-qversion'
gcc: fatal error: no input files
compilation terminated.
configure:3448: $? = 4
configure:3468: checking whether the C compiler works
configure:3490: gcc    conftest.c  >&5
configure:3494: $? = 0
configure:3542: result: yes
configure:3545: checking for C compiler default output file name
configure:3547: result: a.out
configure:3553: checking for suffix of executables
configure:3560: gcc -o conftest    conftest.c  >&5
configure:3564: $? = 0
configure:3586: result: 
configure:3608: checking whether we are cross compiling
configure:3616: gcc -o conftest    conftest.c  >&5
configure:3620: $? = 0
configure:3627: ./conftest
configure:3631: $? = 0
configure:3646: result: no
configure:3651: checking for suffix of object files
configure:3673: gcc -c   conftest.c >&5
configure:3677: $? = 0
configure:3698: result: o
configure:3702: checking whether we are using the GNU C compiler
configure:3721: gcc -c   conftest.c >&5
configure:3721: $? = 0
configure:3730: result: yes
configure:3739: checking whether gcc accepts -g
configure:3759: gcc -c -g  conftest.c >&5
configure:3759: $? = 0
configure:3800: result: yes
configure:3817: checking for gcc option to accept ISO C89
configure:3880: gcc  -c -g -O2  conftest.c >&5
configure:3880: $? = 0
configure:3893: result: none needed
configure:3918: checking whether gcc understands -c and -o together
configure:3940: gcc -c conftest.c -o conftest2.o
configure:3943: $? = 0
configure:3940: gcc -c conftest.c -o conftest2.o
configure:3943: $? = 0
configure:3955: result: yes
configure:3974: checking dependency style of gcc
configure:4085: result: gcc3
configure:4150: checking for ar
configure:4166: found /usr/bin/ar
configure:4177: result: ar
configure:4203: checking the archiver (ar) interface
configure:4219: gcc -c -g -O2  conftest.c >&5
configure:4219: $? = 0
configure:4221: ar cru libconftest.a conftest.o >&5
configure:4224: $? = 0
configure:4252: result: ar
configure:4276: checking for gcc option to accept ISO C99
configure:4425: gcc  -c -g -O2  conftest.c >&5
conftest.c:61:29: error: expected ';', ',' or ')' before 'text'
 test_restrict (ccp restrict text)
                             ^
conftest.c: In function 'main':
conftest.c:115:18: error: expected '=', ',', ';', 'asm' or '__attribute__' before 'newvar'
   char *restrict newvar = "Another string";
                  ^
conftest.c:115:18: error: 'newvar' undeclared (first use in this function)
conftest.c:115:18: note: each undeclared identifier is reported only once for each function it appears in
conftest.c:125:3: error: 'for' loop initial declarations are only allowed in C99 mode
   for (int i = 0; i < ia->datasize; ++i)
   ^
conftest.c:125:3: note: use option -std=c99 or -std=gnu99 to compile your code
configure:4425: $? = 1
configure: failed program was:
| /* confdefs.h */
| #define PACKAGE_NAME "GD"
| #define PACKAGE_TARNAME "libgd"
| #define PACKAGE_VERSION "2.2.2"
| #define PACKAGE_STRING "GD 2.2.2"
| #define PACKAGE_BUGREPORT "https://github.com/libgd/libgd/issues"
| #define PACKAGE_URL "http://lib.gd"
| #define PACKAGE "libgd"
| #define VERSION "2.2.2"
| /* end confdefs.h.  */
| #include <stdarg.h>
| #include <stdbool.h>
| #include <stdlib.h>
| #include <wchar.h>
| #include <stdio.h>
| 
| // Check varargs macros.  These examples are taken from C99 6.10.3.5.
| #define debug(...) fprintf (stderr, __VA_ARGS__)
| #define showlist(...) puts (#__VA_ARGS__)
| #define report(test,...) ((test) ? puts (#test) : printf (__VA_ARGS__))
| static void
| test_varargs_macros (void)
| {
|   int x = 1234;
|   int y = 5678;
|   debug ("Flag");
|   debug ("X = %d\n", x);
|   showlist (The first, second, and third items.);
|   report (x>y, "x is %d but y is %d", x, y);
| }
| 
| // Check long long types.
| #define BIG64 18446744073709551615ull
| #define BIG32 4294967295ul
| #define BIG_OK (BIG64 / BIG32 == 4294967297ull && BIG64 % BIG32 == 0)
| #if !BIG_OK
|   your preprocessor is broken;
| #endif
| #if BIG_OK
| #else
|   your preprocessor is broken;
| #endif
| static long long int bignum = -9223372036854775807LL;
| static unsigned long long int ubignum = BIG64;
| 
| struct incomplete_array
| {
|   int datasize;
|   double data[];
| };
| 
| struct named_init {
|   int number;
|   const wchar_t *name;
|   double average;
| };
| 
| typedef const char *ccp;
| 
| static inline int
| test_restrict (ccp restrict text)
| {
|   // See if C++-style comments work.
|   // Iterate through items via the restricted pointer.
|   // Also check for declarations in for loops.
|   for (unsigned int i = 0; *(text+i) != '\0'; ++i)
|     continue;
|   return 0;
| }
| 
| // Check varargs and va_copy.
| static void
| test_varargs (const char *format, ...)
| {
|   va_list args;
|   va_start (args, format);
|   va_list args_copy;
|   va_copy (args_copy, args);
| 
|   const char *str;
|   int number;
|   float fnumber;
| 
|   while (*format)
|     {
|       switch (*format++)
| 	{
| 	case 's': // string
| 	  str = va_arg (args_copy, const char *);
| 	  break;
| 	case 'd': // int
| 	  number = va_arg (args_copy, int);
| 	  break;
| 	case 'f': // float
| 	  fnumber = va_arg (args_copy, double);
| 	  break;
| 	default:
| 	  break;
| 	}
|     }
|   va_end (args_copy);
|   va_end (args);
| }
| 
| int
| main ()
| {
| 
|   // Check bool.
|   _Bool success = false;
| 
|   // Check restrict.
|   if (test_restrict ("String literal") == 0)
|     success = true;
|   char *restrict newvar = "Another string";
| 
|   // Check varargs.
|   test_varargs ("s, d' f .", "string", 65, 34.234);
|   test_varargs_macros ();
| 
|   // Check flexible array members.
|   struct incomplete_array *ia =
|     malloc (sizeof (struct incomplete_array) + (sizeof (double) * 10));
|   ia->datasize = 10;
|   for (int i = 0; i < ia->datasize; ++i)
|     ia->data[i] = i * 1.234;
| 
|   // Check named initializers.
|   struct named_init ni = {
|     .number = 34,
|     .name = L"Test wide string",
|     .average = 543.34343,
|   };
| 
|   ni.number = 58;
| 
|   int dynamic_array[ni.number];
|   dynamic_array[ni.number - 1] = 543;
| 
|   // work around unused variable warnings
|   return (!success || bignum == 0LL || ubignum == 0uLL || newvar[0] == 'x'
| 	  || dynamic_array[ni.number - 1] != 543);
| 
|   ;
|   return 0;
| }
configure:4425: gcc -std=gnu99 -c -g -O2  conftest.c >&5
configure:4425: $? = 0
configure:4445: result: -std=gnu99
configure:4546: checking for gcc -std=gnu99 option to accept ISO Standard C
configure:4560: result: -std=gnu99
configure:4612: checking how to print strings
configure:4639: result: printf
configure:4660: checking for a sed that does not truncate output
configure:4724: result: /bin/sed
configure:4742: checking for grep that handles long lines and -e
configure:4800: result: /bin/grep
configure:4805: checking for egrep
configure:4867: result: /bin/grep -E
configure:4872: checking for fgrep
configure:4934: result: /bin/grep -F
configure:4969: checking for ld used by gcc -std=gnu99
configure:5036: result: /usr/bin/ld
configure:5043: checking if the linker (/usr/bin/ld) is GNU ld
configure:5058: result: yes
configure:5070: checking for BSD- or MS-compatible name lister (nm)
configure:5119: result: /usr/bin/nm -B
configure:5249: checking the name lister (/usr/bin/nm -B) interface
configure:5256: gcc -std=gnu99 -c -g -O2  conftest.c >&5
configure:5259: /usr/bin/nm -B "conftest.o"
configure:5262: output
0000000000000000 B some_variable
configure:5269: result: BSD nm
configure:5272: checking whether ln -s works
configure:5276: result: yes
configure:5284: checking the maximum length of command line arguments
configure:5415: result: 1572864
configure:5432: checking whether the shell understands some XSI constructs
configure:5442: result: yes
configure:5446: checking whether the shell understands "+="
configure:5452: result: yes
configure:5487: checking how to convert x86_64-unknown-linux-gnu file names to x86_64-unknown-linux-gnu format
configure:5527: result: func_convert_file_noop
configure:5534: checking how to convert x86_64-unknown-linux-gnu file names to toolchain format
configure:5554: result: func_convert_file_noop
configure:5561: checking for /usr/bin/ld option to reload object files
configure:5568: result: -r
configure:5642: checking for objdump
configure:5658: found /usr/bin/objdump
configure:5669: result: objdump
configure:5701: checking how to recognize dependent libraries
configure:5899: result: pass_all
configure:5984: checking for dlltool
configure:6014: result: no
configure:6044: checking how to associate runtime and link libraries
configure:6071: result: printf %s\n
configure:6195: checking for archiver @FILE support
configure:6212: gcc -std=gnu99 -c -g -O2  conftest.c >&5
configure:6212: $? = 0
configure:6215: ar cru libconftest.a @conftest.lst >&5
configure:6218: $? = 0
configure:6223: ar cru libconftest.a @conftest.lst >&5
ar: conftest.o: No such file or directory
configure:6226: $? = 1
configure:6238: result: @
configure:6296: checking for strip
configure:6312: found /usr/bin/strip
configure:6323: result: strip
configure:6395: checking for ranlib
configure:6411: found /usr/bin/ranlib
configure:6422: result: ranlib
configure:6524: checking command to parse /usr/bin/nm -B output from gcc -std=gnu99 object
configure:6644: gcc -std=gnu99 -c -g -O2  conftest.c >&5
configure:6647: $? = 0
configure:6651: /usr/bin/nm -B conftest.o \| sed -n -e 's/^.*[ ]\([ABCDGIRSTW][ABCDGIRSTW]*\)[ ][ ]*\([_A-Za-z][_A-Za-z0-9]*\)$/\1 \2 \2/p' | sed '/ __gnu_lto/d' \> conftest.nm
configure:6654: $? = 0
configure:6720: gcc -std=gnu99 -o conftest -g -O2   conftest.c conftstm.o >&5
configure:6723: $? = 0
configure:6761: result: ok
configure:6798: checking for sysroot
configure:6828: result: no
configure:6905: gcc -std=gnu99 -c -g -O2  conftest.c >&5
configure:6908: $? = 0
configure:7097: checking for mt
configure:7113: found /bin/mt
configure:7124: result: mt
configure:7147: checking if mt is a manifest tool
configure:7153: mt '-?'
configure:7161: result: no
configure:7803: checking how to run the C preprocessor
configure:7834: gcc -std=gnu99 -E  conftest.c
configure:7834: $? = 0
configure:7848: gcc -std=gnu99 -E  conftest.c
conftest.c:11:28: fatal error: ac_nonexistent.h: No such file or directory
 #include <ac_nonexistent.h>
                            ^
compilation terminated.
configure:7848: $? = 1
configure: failed program was:
| /* confdefs.h */
| #define PACKAGE_NAME "GD"
| #define PACKAGE_TARNAME "libgd"
| #define PACKAGE_VERSION "2.2.2"
| #define PACKAGE_STRING "GD 2.2.2"
| #define PACKAGE_BUGREPORT "https://github.com/libgd/libgd/issues"
| #define PACKAGE_URL "http://lib.gd"
| #define PACKAGE "libgd"
| #define VERSION "2.2.2"
| /* end confdefs.h.  */
| #include <ac_nonexistent.h>
configure:7873: result: gcc -std=gnu99 -E
configure:7893: gcc -std=gnu99 -E  conftest.c
configure:7893: $? = 0
configure:7907: gcc -std=gnu99 -E  conftest.c
conftest.c:11:28: fatal error: ac_nonexistent.h: No such file or directory
 #include <ac_nonexistent.h>
                            ^
compilation terminated.
configure:7907: $? = 1
configure: failed program was:
| /* confdefs.h */
| #define PACKAGE_NAME "GD"
| #define PACKAGE_TARNAME "libgd"
| #define PACKAGE_VERSION "2.2.2"
| #define PACKAGE_STRING "GD 2.2.2"
| #define PACKAGE_BUGREPORT "https://github.com/libgd/libgd/issues"
| #define PACKAGE_URL "http://lib.gd"
| #define PACKAGE "libgd"
| #define VERSION "2.2.2"
| /* end confdefs.h.  */
| #include <ac_nonexistent.h>
configure:7936: checking for ANSI C header files
configure:7956: gcc -std=gnu99 -c -g -O2  conftest.c >&5
configure:7956: $? = 0
configure:8029: gcc -std=gnu99 -o conftest -g -O2   conftest.c  >&5
configure:8029: $? = 0
configure:8029: ./conftest
configure:8029: $? = 0
configure:8040: result: yes
configure:8053: checking for sys/types.h
configure:8053: gcc -std=gnu99 -c -g -O2  conftest.c >&5
configure:8053: $? = 0
configure:8053: result: yes
configure:8053: checking for sys/stat.h
configure:8053: gcc -std=gnu99 -c -g -O2  conftest.c >&5
configure:8053: $? = 0
configure:8053: result: yes
configure:8053: checking for stdlib.h
configure:8053: gcc -std=gnu99 -c -g -O2  conftest.c >&5
configure:8053: $? = 0
configure:8053: result: yes
configure:8053: checking for string.h
configure:8053: gcc -std=gnu99 -c -g -O2  conftest.c >&5
configure:8053: $? = 0
configure:8053: result: yes
configure:8053: checking for memory.h
configure:8053: gcc -std=gnu99 -c -g -O2  conftest.c >&5
configure:8053: $? = 0
configure:8053: result: yes
configure:8053: checking for strings.h
configure:8053: gcc -std=gnu99 -c -g -O2  conftest.c >&5
configure:8053: $? = 0
configure:8053: result: yes
configure:8053: checking for inttypes.h
configure:8053: gcc -std=gnu99 -c -g -O2  conftest.c >&5
configure:8053: $? = 0
configure:8053: result: yes
configure:8053: checking for stdint.h
configure:8053: gcc -std=gnu99 -c -g -O2  conftest.c >&5
configure:8053: $? = 0
configure:8053: result: yes
configure:8053: checking for unistd.h
configure:8053: gcc -std=gnu99 -c -g -O2  conftest.c >&5
configure:8053: $? = 0
configure:8053: result: yes
configure:8067: checking for dlfcn.h
configure:8067: gcc -std=gnu99 -c -g -O2  conftest.c >&5
configure:8067: $? = 0
configure:8067: result: yes
configure:8273: checking for objdir
configure:8288: result: .libs
configure:8559: checking if gcc -std=gnu99 supports -fno-rtti -fno-exceptions
configure:8577: gcc -std=gnu99 -c -g -O2  -fno-rtti -fno-exceptions conftest.c >&5
cc1: warning: command line option '-fno-rtti' is valid for C++/ObjC++ but not for C [enabled by default]
configure:8581: $? = 0
configure:8594: result: no
configure:8921: checking for gcc -std=gnu99 option to produce PIC
configure:8928: result: -fPIC -DPIC
configure:8936: checking if gcc -std=gnu99 PIC flag -fPIC -DPIC works
configure:8954: gcc -std=gnu99 -c -g -O2  -fPIC -DPIC -DPIC conftest.c >&5
configure:8958: $? = 0
configure:8971: result: yes
configure:9000: checking if gcc -std=gnu99 static flag -static works
configure:9028: result: yes
configure:9043: checking if gcc -std=gnu99 supports -c -o file.o
configure:9064: gcc -std=gnu99 -c -g -O2  -o out/conftest2.o conftest.c >&5
configure:9068: $? = 0
configure:9090: result: yes
configure:9098: checking if gcc -std=gnu99 supports -c -o file.o
configure:9145: result: yes
configure:9178: checking whether the gcc -std=gnu99 linker (/usr/bin/ld -m elf_x86_64) supports shared libraries
configure:10335: result: yes
configure:10372: checking whether -lc should be explicitly linked in
configure:10380: gcc -std=gnu99 -c -g -O2  conftest.c >&5
configure:10383: $? = 0
configure:10398: gcc -std=gnu99 -shared  -fPIC -DPIC conftest.o  -v -Wl,-soname -Wl,conftest -o conftest 2\>\&1 \| /bin/grep  -lc  \>/dev/null 2\>\&1
configure:10401: $? = 0
configure:10415: result: no
configure:10575: checking dynamic linker characteristics
configure:11075: gcc -std=gnu99 -o conftest -g -O2   -Wl,-rpath -Wl,/foo conftest.c  >&5
configure:11075: $? = 0
configure:11309: result: GNU/Linux ld.so
configure:11416: checking how to hardcode library paths into programs
configure:11441: result: immediate
configure:11981: checking whether stripping libraries is possible
configure:11986: result: yes
configure:12021: checking if libtool supports shared libraries
configure:12023: result: yes
configure:12026: checking whether to build shared libraries
configure:12047: result: yes
configure:12050: checking whether to build static libraries
configure:12054: result: yes
configure:12091: checking whether ln -s works
configure:12095: result: yes
configure:12102: checking whether make sets $(MAKE)
configure:12124: result: yes
configure:12188: checking for pkg-config
configure:12206: found /usr/bin/pkg-config
configure:12218: result: /usr/bin/pkg-config
configure:12243: checking pkg-config is at least version 0.9.0
configure:12246: result: yes
configure:12255: checking for X
configure:12363: gcc -std=gnu99 -E  conftest.c
configure:12363: $? = 0
configure:12394: gcc -std=gnu99 -o conftest -g -O2   conftest.c -lX11  >&5
configure:12394: $? = 0
configure:12444: result: libraries , headers 
configure:12456: checking for ANSI C header files
configure:12560: result: yes
configure:12574: checking for dirent.h
configure:12574: gcc -std=gnu99 -c -g -O2  conftest.c >&5
configure:12574: $? = 0
configure:12574: result: yes
configure:12574: checking for errno.h
configure:12574: gcc -std=gnu99 -c -g -O2  conftest.c >&5
configure:12574: $? = 0
configure:12574: result: yes
configure:12574: checking for inttypes.h
configure:12574: result: yes
configure:12574: checking for limits.h
configure:12574: gcc -std=gnu99 -c -g -O2  conftest.c >&5
configure:12574: $? = 0
configure:12574: result: yes
configure:12574: checking for stddef.h
configure:12574: gcc -std=gnu99 -c -g -O2  conftest.c >&5
configure:12574: $? = 0
configure:12574: result: yes
configure:12574: checking for stdint.h
configure:12574: result: yes
configure:12574: checking for stdlib.h
configure:12574: result: yes
configure:12574: checking for string.h
configure:12574: result: yes
configure:12574: checking for strings.h
configure:12574: result: yes
configure:12574: checking for unistd.h
configure:12574: result: yes
configure:12574: checking for sys/stat.h
configure:12574: result: yes
configure:12574: checking for sys/types.h
configure:12574: result: yes
configure:12653: checking for ld used by gcc -std=gnu99
configure:12720: result: /usr/bin/ld -m elf_x86_64
configure:12727: checking if the linker (/usr/bin/ld -m elf_x86_64) is GNU ld
configure:12742: result: yes
configure:12749: checking for shared library run path origin
configure:12762: result: done
configure:13340: checking for iconv
configure:13364: gcc -std=gnu99 -o conftest -g -O2   conftest.c  >&5
configure:13364: $? = 0
configure:13398: result: yes
configure:13401: checking for working iconv
configure:13521: gcc -std=gnu99 -o conftest -g -O2   conftest.c  >&5
configure:13521: $? = 0
configure:13521: ./conftest
configure:13521: $? = 0
configure:13533: result: yes
configure:13561: checking for iconv declaration
configure:13590: gcc -std=gnu99 -c -g -O2  conftest.c >&5
configure:13590: $? = 0
configure:13601: result:
         extern size_t iconv (iconv_t cd, char * *inbuf, size_t *inbytesleft, char * *outbuf, size_t *outbytesleft);
configure:13618: checking iconv.h usability
configure:13618: gcc -std=gnu99 -c -g -O2  conftest.c >&5
configure:13618: $? = 0
configure:13618: result: yes
configure:13618: checking iconv.h presence
configure:13618: gcc -std=gnu99 -E  conftest.c
configure:13618: $? = 0
configure:13618: result: yes
configure:13618: checking for iconv.h
configure:13618: result: yes
configure:13623: checking whether iconv.h defines iconv_t
configure:13632: result: yes
configure:13659: checking for sin
configure:13659: gcc -std=gnu99 -o conftest -g -O2   conftest.c  >&5
conftest.c:63:6: warning: conflicting types for built-in function 'sin' [enabled by default]
 char sin ();
      ^
/tmp/ccEPs4pR.o: In function `main':
/mnt/galaxyTools/tools/perlmodules/perl5/modules/libgd-2.2.2/conftest.c:74: undefined reference to `sin'
collect2: error: ld returned 1 exit status
configure:13659: $? = 1
configure: failed program was:
| /* confdefs.h */
| #define PACKAGE_NAME "GD"
| #define PACKAGE_TARNAME "libgd"
| #define PACKAGE_VERSION "2.2.2"
| #define PACKAGE_STRING "GD 2.2.2"
| #define PACKAGE_BUGREPORT "https://github.com/libgd/libgd/issues"
| #define PACKAGE_URL "http://lib.gd"
| #define PACKAGE "libgd"
| #define VERSION "2.2.2"
| #define STDC_HEADERS 1
| #define HAVE_SYS_TYPES_H 1
| #define HAVE_SYS_STAT_H 1
| #define HAVE_STDLIB_H 1
| #define HAVE_STRING_H 1
| #define HAVE_MEMORY_H 1
| #define HAVE_STRINGS_H 1
| #define HAVE_INTTYPES_H 1
| #define HAVE_STDINT_H 1
| #define HAVE_UNISTD_H 1
| #define HAVE_DLFCN_H 1
| #define LT_OBJDIR ".libs/"
| #define STDC_HEADERS 1
| #define HAVE_DIRENT_H 1
| #define HAVE_ERRNO_H 1
| #define HAVE_INTTYPES_H 1
| #define HAVE_LIMITS_H 1
| #define HAVE_STDDEF_H 1
| #define HAVE_STDINT_H 1
| #define HAVE_STDLIB_H 1
| #define HAVE_STRING_H 1
| #define HAVE_STRINGS_H 1
| #define HAVE_UNISTD_H 1
| #define HAVE_SYS_STAT_H 1
| #define HAVE_SYS_TYPES_H 1
| #define HAVE_ICONV 1
| #define ICONV_CONST 
| #define HAVE_ICONV_H 1
| #define HAVE_ICONV_T_DEF 1
| /* end confdefs.h.  */
| /* Define sin to an innocuous variant, in case <limits.h> declares sin.
|    For example, HP-UX 11i <limits.h> declares gettimeofday.  */
| #define sin innocuous_sin
| 
| /* System header to define __stub macros and hopefully few prototypes,
|     which can conflict with char sin (); below.
|     Prefer <limits.h> to <assert.h> if __STDC__ is defined, since
|     <limits.h> exists even on freestanding compilers.  */
| 
| #ifdef __STDC__
| # include <limits.h>
| #else
| # include <assert.h>
| #endif
| 
| #undef sin
| 
| /* Override any GCC internal prototype to avoid an error.
|    Use char because int might match the return type of a GCC
|    builtin and then its argument prototype would still apply.  */
| #ifdef __cplusplus
| extern "C"
| #endif
| char sin ();
| /* The GNU C library defines this for functions which it implements
|     to always fail with ENOSYS.  Some functions are actually named
|     something starting with __ and the normal name is an alias.  */
| #if defined __stub_sin || defined __stub___sin
| choke me
| #endif
| 
| int
| main ()
| {
| return sin ();
|   ;
|   return 0;
| }
configure:13659: result: no
configure:13663: checking for sin in -lm
configure:13688: gcc -std=gnu99 -o conftest -g -O2   conftest.c -lm   >&5
conftest.c:47:6: warning: conflicting types for built-in function 'sin' [enabled by default]
 char sin ();
      ^
configure:13688: $? = 0
configure:13697: result: yes
configure:13879: checking for the pthreads library -lpthreads
configure:13917: gcc -std=gnu99 -o conftest -g -O2    conftest.c -lpthreads -lm  >&5
/usr/bin/ld: cannot find -lpthreads
collect2: error: ld returned 1 exit status
configure:13917: $? = 1
configure: failed program was:
| /* confdefs.h */
| #define PACKAGE_NAME "GD"
| #define PACKAGE_TARNAME "libgd"
| #define PACKAGE_VERSION "2.2.2"
| #define PACKAGE_STRING "GD 2.2.2"
| #define PACKAGE_BUGREPORT "https://github.com/libgd/libgd/issues"
| #define PACKAGE_URL "http://lib.gd"
| #define PACKAGE "libgd"
| #define VERSION "2.2.2"
| #define STDC_HEADERS 1
| #define HAVE_SYS_TYPES_H 1
| #define HAVE_SYS_STAT_H 1
| #define HAVE_STDLIB_H 1
| #define HAVE_STRING_H 1
| #define HAVE_MEMORY_H 1
| #define HAVE_STRINGS_H 1
| #define HAVE_INTTYPES_H 1
| #define HAVE_STDINT_H 1
| #define HAVE_UNISTD_H 1
| #define HAVE_DLFCN_H 1
| #define LT_OBJDIR ".libs/"
| #define STDC_HEADERS 1
| #define HAVE_DIRENT_H 1
| #define HAVE_ERRNO_H 1
| #define HAVE_INTTYPES_H 1
| #define HAVE_LIMITS_H 1
| #define HAVE_STDDEF_H 1
| #define HAVE_STDINT_H 1
| #define HAVE_STDLIB_H 1
| #define HAVE_STRING_H 1
| #define HAVE_STRINGS_H 1
| #define HAVE_UNISTD_H 1
| #define HAVE_SYS_STAT_H 1
| #define HAVE_SYS_TYPES_H 1
| #define HAVE_ICONV 1
| #define ICONV_CONST 
| #define HAVE_ICONV_H 1
| #define HAVE_ICONV_T_DEF 1
| #define HAVE_LIBM 1
| /* end confdefs.h.  */
| #include <pthread.h>
|                         static void routine(void *a) { a = 0; }
|                         static void *start_routine(void *a) { return a; }
| int
| main ()
| {
| pthread_t th; pthread_attr_t attr;
|                         pthread_create(&th, 0, start_routine, 0);
|                         pthread_join(th, 0);
|                         pthread_attr_init(&attr);
|                         pthread_cleanup_push(routine, 0);
|                         pthread_cleanup_pop(0) /* ; */
|   ;
|   return 0;
| }
configure:13926: result: no
configure:13824: checking whether pthreads work without any flags
configure:13917: gcc -std=gnu99 -o conftest -g -O2    conftest.c  -lm  >&5
/tmp/cciXr2EZ.o: In function `main':
/mnt/galaxyTools/tools/perlmodules/perl5/modules/libgd-2.2.2/conftest.c:48: undefined reference to `pthread_create'
/mnt/galaxyTools/tools/perlmodules/perl5/modules/libgd-2.2.2/conftest.c:49: undefined reference to `pthread_join'
/mnt/galaxyTools/tools/perlmodules/perl5/modules/libgd-2.2.2/conftest.c:51: undefined reference to `__pthread_register_cancel'
/mnt/galaxyTools/tools/perlmodules/perl5/modules/libgd-2.2.2/conftest.c:52: undefined reference to `__pthread_unregister_cancel'
collect2: error: ld returned 1 exit status
configure:13917: $? = 1
configure: failed program was:
| /* confdefs.h */
| #define PACKAGE_NAME "GD"
| #define PACKAGE_TARNAME "libgd"
| #define PACKAGE_VERSION "2.2.2"
| #define PACKAGE_STRING "GD 2.2.2"
| #define PACKAGE_BUGREPORT "https://github.com/libgd/libgd/issues"
| #define PACKAGE_URL "http://lib.gd"
| #define PACKAGE "libgd"
| #define VERSION "2.2.2"
| #define STDC_HEADERS 1
| #define HAVE_SYS_TYPES_H 1
| #define HAVE_SYS_STAT_H 1
| #define HAVE_STDLIB_H 1
| #define HAVE_STRING_H 1
| #define HAVE_MEMORY_H 1
| #define HAVE_STRINGS_H 1
| #define HAVE_INTTYPES_H 1
| #define HAVE_STDINT_H 1
| #define HAVE_UNISTD_H 1
| #define HAVE_DLFCN_H 1
| #define LT_OBJDIR ".libs/"
| #define STDC_HEADERS 1
| #define HAVE_DIRENT_H 1
| #define HAVE_ERRNO_H 1
| #define HAVE_INTTYPES_H 1
| #define HAVE_LIMITS_H 1
| #define HAVE_STDDEF_H 1
| #define HAVE_STDINT_H 1
| #define HAVE_STDLIB_H 1
| #define HAVE_STRING_H 1
| #define HAVE_STRINGS_H 1
| #define HAVE_UNISTD_H 1
| #define HAVE_SYS_STAT_H 1
| #define HAVE_SYS_TYPES_H 1
| #define HAVE_ICONV 1
| #define ICONV_CONST 
| #define HAVE_ICONV_H 1
| #define HAVE_ICONV_T_DEF 1
| #define HAVE_LIBM 1
| /* end confdefs.h.  */
| #include <pthread.h>
|                         static void routine(void *a) { a = 0; }
|                         static void *start_routine(void *a) { return a; }
| int
| main ()
| {
| pthread_t th; pthread_attr_t attr;
|                         pthread_create(&th, 0, start_routine, 0);
|                         pthread_join(th, 0);
|                         pthread_attr_init(&attr);
|                         pthread_cleanup_push(routine, 0);
|                         pthread_cleanup_pop(0) /* ; */
|   ;
|   return 0;
| }
configure:13926: result: no
configure:13829: checking whether pthreads work with -Kthread
configure:13917: gcc -std=gnu99 -o conftest -g -O2 -Kthread   conftest.c  -lm  >&5
gcc: error: unrecognized command line option '-Kthread'
configure:13917: $? = 1
configure: failed program was:
| /* confdefs.h */
| #define PACKAGE_NAME "GD"
| #define PACKAGE_TARNAME "libgd"
| #define PACKAGE_VERSION "2.2.2"
| #define PACKAGE_STRING "GD 2.2.2"
| #define PACKAGE_BUGREPORT "https://github.com/libgd/libgd/issues"
| #define PACKAGE_URL "http://lib.gd"
| #define PACKAGE "libgd"
| #define VERSION "2.2.2"
| #define STDC_HEADERS 1
| #define HAVE_SYS_TYPES_H 1
| #define HAVE_SYS_STAT_H 1
| #define HAVE_STDLIB_H 1
| #define HAVE_STRING_H 1
| #define HAVE_MEMORY_H 1
| #define HAVE_STRINGS_H 1
| #define HAVE_INTTYPES_H 1
| #define HAVE_STDINT_H 1
| #define HAVE_UNISTD_H 1
| #define HAVE_DLFCN_H 1
| #define LT_OBJDIR ".libs/"
| #define STDC_HEADERS 1
| #define HAVE_DIRENT_H 1
| #define HAVE_ERRNO_H 1
| #define HAVE_INTTYPES_H 1
| #define HAVE_LIMITS_H 1
| #define HAVE_STDDEF_H 1
| #define HAVE_STDINT_H 1
| #define HAVE_STDLIB_H 1
| #define HAVE_STRING_H 1
| #define HAVE_STRINGS_H 1
| #define HAVE_UNISTD_H 1
| #define HAVE_SYS_STAT_H 1
| #define HAVE_SYS_TYPES_H 1
| #define HAVE_ICONV 1
| #define ICONV_CONST 
| #define HAVE_ICONV_H 1
| #define HAVE_ICONV_T_DEF 1
| #define HAVE_LIBM 1
| /* end confdefs.h.  */
| #include <pthread.h>
|                         static void routine(void *a) { a = 0; }
|                         static void *start_routine(void *a) { return a; }
| int
| main ()
| {
| pthread_t th; pthread_attr_t attr;
|                         pthread_create(&th, 0, start_routine, 0);
|                         pthread_join(th, 0);
|                         pthread_attr_init(&attr);
|                         pthread_cleanup_push(routine, 0);
|                         pthread_cleanup_pop(0) /* ; */
|   ;
|   return 0;
| }
configure:13926: result: no
configure:13829: checking whether pthreads work with -kthread
configure:13917: gcc -std=gnu99 -o conftest -g -O2 -kthread   conftest.c  -lm  >&5
gcc: error: unrecognized command line option '-kthread'
configure:13917: $? = 1
configure: failed program was:
| /* confdefs.h */
| #define PACKAGE_NAME "GD"
| #define PACKAGE_TARNAME "libgd"
| #define PACKAGE_VERSION "2.2.2"
| #define PACKAGE_STRING "GD 2.2.2"
| #define PACKAGE_BUGREPORT "https://github.com/libgd/libgd/issues"
| #define PACKAGE_URL "http://lib.gd"
| #define PACKAGE "libgd"
| #define VERSION "2.2.2"
| #define STDC_HEADERS 1
| #define HAVE_SYS_TYPES_H 1
| #define HAVE_SYS_STAT_H 1
| #define HAVE_STDLIB_H 1
| #define HAVE_STRING_H 1
| #define HAVE_MEMORY_H 1
| #define HAVE_STRINGS_H 1
| #define HAVE_INTTYPES_H 1
| #define HAVE_STDINT_H 1
| #define HAVE_UNISTD_H 1
| #define HAVE_DLFCN_H 1
| #define LT_OBJDIR ".libs/"
| #define STDC_HEADERS 1
| #define HAVE_DIRENT_H 1
| #define HAVE_ERRNO_H 1
| #define HAVE_INTTYPES_H 1
| #define HAVE_LIMITS_H 1
| #define HAVE_STDDEF_H 1
| #define HAVE_STDINT_H 1
| #define HAVE_STDLIB_H 1
| #define HAVE_STRING_H 1
| #define HAVE_STRINGS_H 1
| #define HAVE_UNISTD_H 1
| #define HAVE_SYS_STAT_H 1
| #define HAVE_SYS_TYPES_H 1
| #define HAVE_ICONV 1
| #define ICONV_CONST 
| #define HAVE_ICONV_H 1
| #define HAVE_ICONV_T_DEF 1
| #define HAVE_LIBM 1
| /* end confdefs.h.  */
| #include <pthread.h>
|                         static void routine(void *a) { a = 0; }
|                         static void *start_routine(void *a) { return a; }
| int
| main ()
| {
| pthread_t th; pthread_attr_t attr;
|                         pthread_create(&th, 0, start_routine, 0);
|                         pthread_join(th, 0);
|                         pthread_attr_init(&attr);
|                         pthread_cleanup_push(routine, 0);
|                         pthread_cleanup_pop(0) /* ; */
|   ;
|   return 0;
| }
configure:13926: result: no
configure:13879: checking for the pthreads library -llthread
configure:13917: gcc -std=gnu99 -o conftest -g -O2    conftest.c -llthread -lm  >&5
/usr/bin/ld: cannot find -llthread
collect2: error: ld returned 1 exit status
configure:13917: $? = 1
configure: failed program was:
| /* confdefs.h */
| #define PACKAGE_NAME "GD"
| #define PACKAGE_TARNAME "libgd"
| #define PACKAGE_VERSION "2.2.2"
| #define PACKAGE_STRING "GD 2.2.2"
| #define PACKAGE_BUGREPORT "https://github.com/libgd/libgd/issues"
| #define PACKAGE_URL "http://lib.gd"
| #define PACKAGE "libgd"
| #define VERSION "2.2.2"
| #define STDC_HEADERS 1
| #define HAVE_SYS_TYPES_H 1
| #define HAVE_SYS_STAT_H 1
| #define HAVE_STDLIB_H 1
| #define HAVE_STRING_H 1
| #define HAVE_MEMORY_H 1
| #define HAVE_STRINGS_H 1
| #define HAVE_INTTYPES_H 1
| #define HAVE_STDINT_H 1
| #define HAVE_UNISTD_H 1
| #define HAVE_DLFCN_H 1
| #define LT_OBJDIR ".libs/"
| #define STDC_HEADERS 1
| #define HAVE_DIRENT_H 1
| #define HAVE_ERRNO_H 1
| #define HAVE_INTTYPES_H 1
| #define HAVE_LIMITS_H 1
| #define HAVE_STDDEF_H 1
| #define HAVE_STDINT_H 1
| #define HAVE_STDLIB_H 1
| #define HAVE_STRING_H 1
| #define HAVE_STRINGS_H 1
| #define HAVE_UNISTD_H 1
| #define HAVE_SYS_STAT_H 1
| #define HAVE_SYS_TYPES_H 1
| #define HAVE_ICONV 1
| #define ICONV_CONST 
| #define HAVE_ICONV_H 1
| #define HAVE_ICONV_T_DEF 1
| #define HAVE_LIBM 1
| /* end confdefs.h.  */
| #include <pthread.h>
|                         static void routine(void *a) { a = 0; }
|                         static void *start_routine(void *a) { return a; }
| int
| main ()
| {
| pthread_t th; pthread_attr_t attr;
|                         pthread_create(&th, 0, start_routine, 0);
|                         pthread_join(th, 0);
|                         pthread_attr_init(&attr);
|                         pthread_cleanup_push(routine, 0);
|                         pthread_cleanup_pop(0) /* ; */
|   ;
|   return 0;
| }
configure:13926: result: no
configure:13829: checking whether pthreads work with -pthread
configure:13917: gcc -std=gnu99 -o conftest -g -O2 -pthread   conftest.c  -lm  >&5
configure:13917: $? = 0
configure:13926: result: yes
configure:13945: checking for joinable pthread attribute
configure:13960: gcc -std=gnu99 -o conftest -g -O2 -pthread   conftest.c  -lm  >&5
configure:13960: $? = 0
configure:13966: result: PTHREAD_CREATE_JOINABLE
configure:13976: checking if more special flags are required for pthreads
configure:13990: result: no
configure:13996: checking for PTHREAD_PRIO_INHERIT
configure:14014: gcc -std=gnu99 -o conftest -g -O2 -pthread   conftest.c  -lm  >&5
configure:14014: $? = 0
configure:14023: result: yes
configure:14124: checking for OpenMP flag of C compiler
configure:14164: gcc -std=gnu99 -o conftest -g -O2 -fopenmp   conftest.c -lm  >&5
configure:14164: $? = 0
configure:14173: result: -fopenmp
configure:14191: checking whether to support zlib
configure:14201: result: auto
configure:14225: checking for LIBZ
configure:14232: $PKG_CONFIG --exists --print-errors "zlib"
configure:14235: $? = 0
configure:14249: $PKG_CONFIG --exists --print-errors "zlib"
configure:14252: $? = 0
configure:14374: result: yes
configure:14410: checking whether to support png
configure:14420: result: auto
configure:14444: checking for LIBPNG
configure:14451: $PKG_CONFIG --exists --print-errors "libpng"
configure:14454: $? = 0
configure:14468: $PKG_CONFIG --exists --print-errors "libpng"
configure:14471: $? = 0
configure:14523: result: yes
configure:14559: checking whether to support freetype
configure:14569: result: auto
configure:14593: checking for LIBFREETYPE
configure:14600: $PKG_CONFIG --exists --print-errors "freetype2 >= 9.8.3"
configure:14603: $? = 0
configure:14617: $PKG_CONFIG --exists --print-errors "freetype2 >= 9.8.3"
configure:14620: $? = 0
configure:14672: result: yes
configure:14713: checking whether to support fontconfig
configure:14723: result: auto
configure:14747: checking for LIBFONTCONFIG
configure:14754: $PKG_CONFIG --exists --print-errors "fontconfig"
configure:14757: $? = 0
configure:14771: $PKG_CONFIG --exists --print-errors "fontconfig"
configure:14774: $? = 0
configure:14898: result: yes
configure:14934: checking whether to support jpeg
configure:14944: result: auto
configure:14967: checking for jpeg_set_defaults in -ljpeg
configure:14992: gcc -std=gnu99 -o conftest -g -O2      -I/usr/include/libpng12    -I/usr/include/freetype2    -I/usr/include/freetype2    conftest.c -ljpeg  -lm   -lz    -lpng12    -lfreetype    -lfontconfig -lfreetype   >&5
configure:14992: $? = 0
configure:15001: result: yes
configure:15040: checking whether to support liq
configure:15050: result: auto
configure:15073: checking libimagequant.h usability
configure:15073: gcc -std=gnu99 -c -g -O2      -I/usr/include/libpng12    -I/usr/include/freetype2    -I/usr/include/freetype2     conftest.c >&5
conftest.c:83:27: fatal error: libimagequant.h: No such file or directory
 #include <libimagequant.h>
                           ^
compilation terminated.
configure:15073: $? = 1
configure: failed program was:
| /* confdefs.h */
| #define PACKAGE_NAME "GD"
| #define PACKAGE_TARNAME "libgd"
| #define PACKAGE_VERSION "2.2.2"
| #define PACKAGE_STRING "GD 2.2.2"
| #define PACKAGE_BUGREPORT "https://github.com/libgd/libgd/issues"
| #define PACKAGE_URL "http://lib.gd"
| #define PACKAGE "libgd"
| #define VERSION "2.2.2"
| #define STDC_HEADERS 1
| #define HAVE_SYS_TYPES_H 1
| #define HAVE_SYS_STAT_H 1
| #define HAVE_STDLIB_H 1
| #define HAVE_STRING_H 1
| #define HAVE_MEMORY_H 1
| #define HAVE_STRINGS_H 1
| #define HAVE_INTTYPES_H 1
| #define HAVE_STDINT_H 1
| #define HAVE_UNISTD_H 1
| #define HAVE_DLFCN_H 1
| #define LT_OBJDIR ".libs/"
| #define STDC_HEADERS 1
| #define HAVE_DIRENT_H 1
| #define HAVE_ERRNO_H 1
| #define HAVE_INTTYPES_H 1
| #define HAVE_LIMITS_H 1
| #define HAVE_STDDEF_H 1
| #define HAVE_STDINT_H 1
| #define HAVE_STDLIB_H 1
| #define HAVE_STRING_H 1
| #define HAVE_STRINGS_H 1
| #define HAVE_UNISTD_H 1
| #define HAVE_SYS_STAT_H 1
| #define HAVE_SYS_TYPES_H 1
| #define HAVE_ICONV 1
| #define ICONV_CONST 
| #define HAVE_ICONV_H 1
| #define HAVE_ICONV_T_DEF 1
| #define HAVE_LIBM 1
| #define HAVE_PTHREAD_PRIO_INHERIT 1
| #define HAVE_PTHREAD 1
| #define HAVE_OPENMP 1
| #define HAVE_LIBZ 1
| #define HAVE_LIBPNG 1
| #define HAVE_LIBFREETYPE 1
| #define HAVE_FT2BUILD_H 1
| #define HAVE_LIBFONTCONFIG 1
| #define HAVE_LIBJPEG 1
| /* end confdefs.h.  */
| #include <stdio.h>
| #ifdef HAVE_SYS_TYPES_H
| # include <sys/types.h>
| #endif
| #ifdef HAVE_SYS_STAT_H
| # include <sys/stat.h>
| #endif
| #ifdef STDC_HEADERS
| # include <stdlib.h>
| # include <stddef.h>
| #else
| # ifdef HAVE_STDLIB_H
| #  include <stdlib.h>
| # endif
| #endif
| #ifdef HAVE_STRING_H
| # if !defined STDC_HEADERS && defined HAVE_MEMORY_H
| #  include <memory.h>
| # endif
| # include <string.h>
| #endif
| #ifdef HAVE_STRINGS_H
| # include <strings.h>
| #endif
| #ifdef HAVE_INTTYPES_H
| # include <inttypes.h>
| #endif
| #ifdef HAVE_STDINT_H
| # include <stdint.h>
| #endif
| #ifdef HAVE_UNISTD_H
| # include <unistd.h>
| #endif
| #include <libimagequant.h>
configure:15073: result: no
configure:15073: checking libimagequant.h presence
configure:15073: gcc -std=gnu99 -E      -I/usr/include/libpng12    -I/usr/include/freetype2    -I/usr/include/freetype2     conftest.c
conftest.c:50:27: fatal error: libimagequant.h: No such file or directory
 #include <libimagequant.h>
                           ^
compilation terminated.
configure:15073: $? = 1
configure: failed program was:
| /* confdefs.h */
| #define PACKAGE_NAME "GD"
| #define PACKAGE_TARNAME "libgd"
| #define PACKAGE_VERSION "2.2.2"
| #define PACKAGE_STRING "GD 2.2.2"
| #define PACKAGE_BUGREPORT "https://github.com/libgd/libgd/issues"
| #define PACKAGE_URL "http://lib.gd"
| #define PACKAGE "libgd"
| #define VERSION "2.2.2"
| #define STDC_HEADERS 1
| #define HAVE_SYS_TYPES_H 1
| #define HAVE_SYS_STAT_H 1
| #define HAVE_STDLIB_H 1
| #define HAVE_STRING_H 1
| #define HAVE_MEMORY_H 1
| #define HAVE_STRINGS_H 1
| #define HAVE_INTTYPES_H 1
| #define HAVE_STDINT_H 1
| #define HAVE_UNISTD_H 1
| #define HAVE_DLFCN_H 1
| #define LT_OBJDIR ".libs/"
| #define STDC_HEADERS 1
| #define HAVE_DIRENT_H 1
| #define HAVE_ERRNO_H 1
| #define HAVE_INTTYPES_H 1
| #define HAVE_LIMITS_H 1
| #define HAVE_STDDEF_H 1
| #define HAVE_STDINT_H 1
| #define HAVE_STDLIB_H 1
| #define HAVE_STRING_H 1
| #define HAVE_STRINGS_H 1
| #define HAVE_UNISTD_H 1
| #define HAVE_SYS_STAT_H 1
| #define HAVE_SYS_TYPES_H 1
| #define HAVE_ICONV 1
| #define ICONV_CONST 
| #define HAVE_ICONV_H 1
| #define HAVE_ICONV_T_DEF 1
| #define HAVE_LIBM 1
| #define HAVE_PTHREAD_PRIO_INHERIT 1
| #define HAVE_PTHREAD 1
| #define HAVE_OPENMP 1
| #define HAVE_LIBZ 1
| #define HAVE_LIBPNG 1
| #define HAVE_LIBFREETYPE 1
| #define HAVE_FT2BUILD_H 1
| #define HAVE_LIBFONTCONFIG 1
| #define HAVE_LIBJPEG 1
| /* end confdefs.h.  */
| #include <libimagequant.h>
configure:15073: result: no
configure:15073: checking for libimagequant.h
configure:15073: result: no
configure:15141: Disabling support for liq
configure:15156: checking whether to support xpm
configure:15166: result: auto
configure:15190: checking for LIBXPM
configure:15197: $PKG_CONFIG --exists --print-errors "xpm"
configure:15200: $? = 0
configure:15214: $PKG_CONFIG --exists --print-errors "xpm"
configure:15217: $? = 0
configure:15341: result: yes
configure:15377: checking whether to support tiff
configure:15387: result: auto
configure:15411: checking for LIBTIFF
configure:15418: $PKG_CONFIG --exists --print-errors "libtiff-4"
configure:15421: $? = 0
configure:15435: $PKG_CONFIG --exists --print-errors "libtiff-4"
configure:15438: $? = 0
configure:15562: result: yes
configure:15598: checking whether to support webp
configure:15608: result: auto
configure:15631: checking for WebPGetInfo in -lwebp
configure:15656: gcc -std=gnu99 -o conftest -g -O2      -I/usr/include/libpng12    -I/usr/include/freetype2    -I/usr/include/freetype2         -I/usr/include/x86_64-linux-gnu    conftest.c -lwebp  -lm   -lz    -lpng12    -lfreetype    -lfontconfig -lfreetype     -ljpeg  -lXpm -lX11    -ltiff   >&5
configure:15656: $? = 0
configure:15665: result: yes
configure:15709: checking for simple visibility declarations
configure:15731: gcc -std=gnu99 -c -g -O2 -fvisibility=hidden      -I/usr/include/libpng12    -I/usr/include/freetype2    -I/usr/include/freetype2         -I/usr/include/x86_64-linux-gnu     conftest.c >&5
configure:15731: $? = 0
configure:15740: result: yes
configure:15757: checking whether we are building for a Win32 host
configure:15769: gcc -std=gnu99 -c -g -O2 -fvisibility=hidden      -I/usr/include/libpng12    -I/usr/include/freetype2    -I/usr/include/freetype2         -I/usr/include/x86_64-linux-gnu     conftest.c >&5
configure:15769: $? = 0
configure:15776: result: no
configure:15808: result:
** Configuration summary for libgd 2.2.2:

   Support for Zlib:                 yes
   Support for PNG library:          yes
   Support for JPEG library:         yes
   Support for WebP library:         yes
   Support for TIFF library:         yes
   Support for Freetype 2.x library: yes
   Support for Fontconfig library:   yes
   Support for Xpm library:          yes
   Support for liq library:          no
   Support for pthreads:             yes

configure:15936: checking that generated files are newer than configure
configure:15942: result: done
configure:16001: creating ./config.status

## ---------------------- ##
## Running config.status. ##
## ---------------------- ##

This file was extended by GD config.status 2.2.2, which was
generated by GNU Autoconf 2.69.  Invocation command line was

  CONFIG_FILES    = 
  CONFIG_HEADERS  = 
  CONFIG_LINKS    = 
  CONFIG_COMMANDS = 
  $ ./config.status 

on dev.globusgenomics.org

config.status:1169: creating Makefile
config.status:1169: creating src/Makefile
config.status:1169: creating tests/Makefile
config.status:1169: creating tests/test_config.h
config.status:1169: creating config/Makefile
config.status:1169: creating config/gdlib-config
config.status:1169: creating config/gdlib.pc
config.status:1169: creating src/config.h
config.status:1398: executing depfiles commands
config.status:1398: executing libtool commands

## ---------------- ##
## Cache variables. ##
## ---------------- ##

ac_cv_build=x86_64-unknown-linux-gnu
ac_cv_c_compiler_gnu=yes
ac_cv_env_CC_set=
ac_cv_env_CC_value=
ac_cv_env_CFLAGS_set=
ac_cv_env_CFLAGS_value=
ac_cv_env_CPPFLAGS_set=
ac_cv_env_CPPFLAGS_value=
ac_cv_env_CPP_set=
ac_cv_env_CPP_value=
ac_cv_env_LDFLAGS_set=
ac_cv_env_LDFLAGS_value=
ac_cv_env_LIBFONTCONFIG_CFLAGS_set=
ac_cv_env_LIBFONTCONFIG_CFLAGS_value=
ac_cv_env_LIBFONTCONFIG_LIBS_set=
ac_cv_env_LIBFONTCONFIG_LIBS_value=
ac_cv_env_LIBFREETYPE_CFLAGS_set=
ac_cv_env_LIBFREETYPE_CFLAGS_value=
ac_cv_env_LIBFREETYPE_LIBS_set=
ac_cv_env_LIBFREETYPE_LIBS_value=
ac_cv_env_LIBPNG_CFLAGS_set=
ac_cv_env_LIBPNG_CFLAGS_value=
ac_cv_env_LIBPNG_LIBS_set=
ac_cv_env_LIBPNG_LIBS_value=
ac_cv_env_LIBS_set=
ac_cv_env_LIBS_value=
ac_cv_env_LIBTIFF_CFLAGS_set=
ac_cv_env_LIBTIFF_CFLAGS_value=
ac_cv_env_LIBTIFF_LIBS_set=
ac_cv_env_LIBTIFF_LIBS_value=
ac_cv_env_LIBXPM_CFLAGS_set=
ac_cv_env_LIBXPM_CFLAGS_value=
ac_cv_env_LIBXPM_LIBS_set=
ac_cv_env_LIBXPM_LIBS_value=
ac_cv_env_LIBZ_CFLAGS_set=
ac_cv_env_LIBZ_CFLAGS_value=
ac_cv_env_LIBZ_LIBS_set=
ac_cv_env_LIBZ_LIBS_value=
ac_cv_env_PKG_CONFIG_LIBDIR_set=
ac_cv_env_PKG_CONFIG_LIBDIR_value=
ac_cv_env_PKG_CONFIG_PATH_set=
ac_cv_env_PKG_CONFIG_PATH_value=
ac_cv_env_PKG_CONFIG_set=
ac_cv_env_PKG_CONFIG_value=
ac_cv_env_XMKMF_set=
ac_cv_env_XMKMF_value=
ac_cv_env_build_alias_set=
ac_cv_env_build_alias_value=
ac_cv_env_host_alias_set=
ac_cv_env_host_alias_value=
ac_cv_env_target_alias_set=
ac_cv_env_target_alias_value=
ac_cv_func_sin=no
ac_cv_have_x='have_x=yes	ac_x_includes='\'''\''	ac_x_libraries='\'''\'''
ac_cv_header_dirent_h=yes
ac_cv_header_dlfcn_h=yes
ac_cv_header_errno_h=yes
ac_cv_header_iconv_h=yes
ac_cv_header_inttypes_h=yes
ac_cv_header_libimagequant_h=no
ac_cv_header_limits_h=yes
ac_cv_header_memory_h=yes
ac_cv_header_stdc=yes
ac_cv_header_stddef_h=yes
ac_cv_header_stdint_h=yes
ac_cv_header_stdlib_h=yes
ac_cv_header_string_h=yes
ac_cv_header_strings_h=yes
ac_cv_header_sys_stat_h=yes
ac_cv_header_sys_types_h=yes
ac_cv_header_unistd_h=yes
ac_cv_host=x86_64-unknown-linux-gnu
ac_cv_lib_jpeg_jpeg_set_defaults=yes
ac_cv_lib_m_sin=yes
ac_cv_lib_webp_WebPGetInfo=yes
ac_cv_objext=o
ac_cv_path_EGREP='/bin/grep -E'
ac_cv_path_FGREP='/bin/grep -F'
ac_cv_path_GREP=/bin/grep
ac_cv_path_SED=/bin/sed
ac_cv_path_ac_pt_PKG_CONFIG=/usr/bin/pkg-config
ac_cv_path_install='/usr/bin/install -c'
ac_cv_path_mkdir=/bin/mkdir
ac_cv_prog_AWK=gawk
ac_cv_prog_CPP='gcc -std=gnu99 -E'
ac_cv_prog_ac_ct_AR=ar
ac_cv_prog_ac_ct_CC=gcc
ac_cv_prog_ac_ct_MANIFEST_TOOL=mt
ac_cv_prog_ac_ct_OBJDUMP=objdump
ac_cv_prog_ac_ct_RANLIB=ranlib
ac_cv_prog_ac_ct_STRIP=strip
ac_cv_prog_cc_c89=
ac_cv_prog_cc_c99=-std=gnu99
ac_cv_prog_cc_g=yes
ac_cv_prog_cc_stdc=-std=gnu99
ac_cv_prog_make_make_set=yes
acl_cv_hardcode_direct=no
acl_cv_hardcode_libdir_flag_spec='${wl}-rpath ${wl}$libdir'
acl_cv_hardcode_libdir_separator=
acl_cv_hardcode_minus_L=no
acl_cv_libext=a
acl_cv_libname_spec='lib$name'
acl_cv_library_names_spec='$libname$shrext'
acl_cv_path_LD='/usr/bin/ld -m elf_x86_64'
acl_cv_prog_gnu_ld=yes
acl_cv_rpath=done
acl_cv_shlibext=so
acl_cv_wl=-Wl,
am_cv_CC_dependencies_compiler_type=gcc3
am_cv_ar_interface=ar
am_cv_func_iconv=yes
am_cv_func_iconv_works=yes
am_cv_lib_iconv=no
am_cv_make_support_nested_variables=yes
am_cv_prog_cc_c_o=yes
am_cv_proto_iconv='extern size_t iconv (iconv_t cd, char * *inbuf, size_t *inbytesleft, char * *outbuf, size_t *outbytesleft);'
am_cv_proto_iconv_arg1=
ax_cv_PTHREAD_PRIO_INHERIT=yes
ax_cv_c_openmp=-fopenmp
gl_cv_cc_visibility=yes
lt_cv_ar_at_file=@
lt_cv_archive_cmds_need_lc=no
lt_cv_deplibs_check_method=pass_all
lt_cv_file_magic_cmd='$MAGIC_CMD'
lt_cv_file_magic_test_file=
lt_cv_ld_reload_flag=-r
lt_cv_nm_interface='BSD nm'
lt_cv_objdir=.libs
lt_cv_path_LD=/usr/bin/ld
lt_cv_path_NM='/usr/bin/nm -B'
lt_cv_path_mainfest_tool=no
lt_cv_prog_compiler_c_o=yes
lt_cv_prog_compiler_pic='-fPIC -DPIC'
lt_cv_prog_compiler_pic_works=yes
lt_cv_prog_compiler_rtti_exceptions=no
lt_cv_prog_compiler_static_works=yes
lt_cv_prog_gnu_ld=yes
lt_cv_sharedlib_from_linklib_cmd='printf %s\n'
lt_cv_shlibpath_overrides_runpath=no
lt_cv_sys_global_symbol_pipe='sed -n -e '\''s/^.*[	 ]\([ABCDGIRSTW][ABCDGIRSTW]*\)[	 ][	 ]*\([_A-Za-z][_A-Za-z0-9]*\)$/\1 \2 \2/p'\'' | sed '\''/ __gnu_lto/d'\'''
lt_cv_sys_global_symbol_to_c_name_address='sed -n -e '\''s/^: \([^ ]*\)[ ]*$/  {\"\1\", (void *) 0},/p'\'' -e '\''s/^[ABCDGIRSTW]* \([^ ]*\) \([^ ]*\)$/  {"\2", (void *) \&\2},/p'\'''
lt_cv_sys_global_symbol_to_c_name_address_lib_prefix='sed -n -e '\''s/^: \([^ ]*\)[ ]*$/  {\"\1\", (void *) 0},/p'\'' -e '\''s/^[ABCDGIRSTW]* \([^ ]*\) \(lib[^ ]*\)$/  {"\2", (void *) \&\2},/p'\'' -e '\''s/^[ABCDGIRSTW]* \([^ ]*\) \([^ ]*\)$/  {"lib\2", (void *) \&\2},/p'\'''
lt_cv_sys_global_symbol_to_cdecl='sed -n -e '\''s/^T .* \(.*\)$/extern int \1();/p'\'' -e '\''s/^[ABCDGIRSTW]* .* \(.*\)$/extern char \1;/p'\'''
lt_cv_sys_max_cmd_len=1572864
lt_cv_to_host_file_cmd=func_convert_file_noop
lt_cv_to_tool_file_cmd=func_convert_file_noop
mingw_cv_win32_host=no
pkg_cv_LIBFONTCONFIG_CFLAGS='-I/usr/include/freetype2  '
pkg_cv_LIBFONTCONFIG_LIBS='-lfontconfig -lfreetype  '
pkg_cv_LIBFREETYPE_CFLAGS='-I/usr/include/freetype2  '
pkg_cv_LIBFREETYPE_LIBS='-lfreetype  '
pkg_cv_LIBPNG_CFLAGS='-I/usr/include/libpng12  '
pkg_cv_LIBPNG_LIBS='-lpng12  '
pkg_cv_LIBTIFF_CFLAGS='-I/usr/include/x86_64-linux-gnu  '
pkg_cv_LIBTIFF_LIBS='-ltiff  '
pkg_cv_LIBXPM_CFLAGS=' '
pkg_cv_LIBXPM_LIBS='-lXpm -lX11  '
pkg_cv_LIBZ_CFLAGS=' '
pkg_cv_LIBZ_LIBS='-lz  '

## ----------------- ##
## Output variables. ##
## ----------------- ##

ACLOCAL='${SHELL} /mnt/galaxyTools/tools/perlmodules/perl5/modules/libgd-2.2.2/config/missing aclocal-1.14'
AMDEPBACKSLASH='\'
AMDEP_FALSE='#'
AMDEP_TRUE=''
AMTAR='$${TAR-tar}'
AM_BACKSLASH='\'
AM_DEFAULT_V='$(AM_DEFAULT_VERBOSITY)'
AM_DEFAULT_VERBOSITY='1'
AM_V='$(V)'
AR='ar'
AUTOCONF='${SHELL} /mnt/galaxyTools/tools/perlmodules/perl5/modules/libgd-2.2.2/config/missing autoconf'
AUTOHEADER='${SHELL} /mnt/galaxyTools/tools/perlmodules/perl5/modules/libgd-2.2.2/config/missing autoheader'
AUTOMAKE='${SHELL} /mnt/galaxyTools/tools/perlmodules/perl5/modules/libgd-2.2.2/config/missing automake-1.14'
AWK='gawk'
CC='gcc -std=gnu99'
CCDEPMODE='depmode=gcc3'
CFLAGS='-Werror -g -O2 -fvisibility=hidden'
CFLAG_VISIBILITY='-fvisibility=hidden'
CPP='gcc -std=gnu99 -E'
CPPFLAGS='     -I/usr/include/libpng12    -I/usr/include/freetype2    -I/usr/include/freetype2         -I/usr/include/x86_64-linux-gnu    '
CYGPATH_W='echo'
DEFS='-DHAVE_CONFIG_H'
DEPDIR='.deps'
DLLTOOL='false'
DSYMUTIL=''
DUMPBIN=''
ECHO_C=''
ECHO_N='-n'
ECHO_T=''
EGREP='/bin/grep -E'
EXEEXT=''
FEATURES='GD_GIF GD_GIFANIM GD_OPENPOLYGON GD_ZLIB GD_PNG GD_FREETYPE GD_FONTCONFIG GD_JPEG GD_XPM GD_TIFF GD_WEBP'
FGREP='/bin/grep -F'
GDLIB_EXTRA=''
GDLIB_LT_AGE='0'
GDLIB_LT_CURRENT='3'
GDLIB_LT_REVISION='20202'
GDLIB_MAJOR='2'
GDLIB_MINOR='2'
GDLIB_REVISION='2'
GDLIB_VERSION='2.2.2'
GREP='/bin/grep'
HAVE_LIBFONTCONFIG_FALSE='#'
HAVE_LIBFONTCONFIG_TRUE=''
HAVE_LIBFREETYPE_FALSE='#'
HAVE_LIBFREETYPE_TRUE=''
HAVE_LIBIMAGEQUANT_FALSE=''
HAVE_LIBIMAGEQUANT_TRUE='#'
HAVE_LIBJPEG_FALSE='#'
HAVE_LIBJPEG_TRUE=''
HAVE_LIBPNG_FALSE='#'
HAVE_LIBPNG_TRUE=''
HAVE_LIBTIFF_FALSE='#'
HAVE_LIBTIFF_TRUE=''
HAVE_LIBWEBP_FALSE='#'
HAVE_LIBWEBP_TRUE=''
HAVE_LIBXPM_FALSE='#'
HAVE_LIBXPM_TRUE=''
HAVE_LIBZ_FALSE='#'
HAVE_LIBZ_TRUE=''
HAVE_VISIBILITY='1'
INSTALL_DATA='${INSTALL} -m 644'
INSTALL_PROGRAM='${INSTALL}'
INSTALL_SCRIPT='${INSTALL}'
INSTALL_STRIP_PROGRAM='$(install_sh) -c -s'
LD='/usr/bin/ld -m elf_x86_64'
LDFLAGS=''
LIBFONTCONFIG_CFLAGS=' -I/usr/include/freetype2  '
LIBFONTCONFIG_LIBS=' -lfontconfig -lfreetype  '
LIBFREETYPE_CFLAGS=' -I/usr/include/freetype2  '
LIBFREETYPE_LIBS=' -lfreetype  '
LIBICONV=''
LIBOBJS=''
LIBPNG_CFLAGS=' -I/usr/include/libpng12  '
LIBPNG_LIBS=' -lpng12  '
LIBS='-lm   -lz    -lpng12    -lfreetype    -lfontconfig -lfreetype     -ljpeg  -lXpm -lX11    -ltiff     -lwebp'
LIBTIFF_CFLAGS=' -I/usr/include/x86_64-linux-gnu  '
LIBTIFF_LIBS=' -ltiff  '
LIBTOOL='$(SHELL) $(top_builddir)/libtool'
LIBXPM_CFLAGS='  '
LIBXPM_LIBS=' -lXpm -lX11  '
LIBZ_CFLAGS='  '
LIBZ_LIBS=' -lz  '
LIPO=''
LN_S='ln -s'
LTLIBICONV=''
LTLIBOBJS=''
MAKEINFO='${SHELL} /mnt/galaxyTools/tools/perlmodules/perl5/modules/libgd-2.2.2/config/missing makeinfo'
MANIFEST_TOOL=':'
MKDIR_P='/bin/mkdir -p'
NM='/usr/bin/nm -B'
NMEDIT=''
OBJDUMP='objdump'
OBJEXT='o'
OTOOL64=''
OTOOL=''
PACKAGE='libgd'
PACKAGE_BUGREPORT='https://github.com/libgd/libgd/issues'
PACKAGE_NAME='GD'
PACKAGE_STRING='GD 2.2.2'
PACKAGE_TARNAME='libgd'
PACKAGE_URL='http://lib.gd'
PACKAGE_VERSION='2.2.2'
PATH_SEPARATOR=':'
PKG_CONFIG='/usr/bin/pkg-config'
PKG_CONFIG_LIBDIR=''
PKG_CONFIG_PATH=''
PTHREAD_CC='gcc -std=gnu99'
PTHREAD_CFLAGS='-pthread'
PTHREAD_LIBS=''
RANLIB='ranlib'
SED='/bin/sed'
SET_MAKE=''
SHELL='/bin/bash'
STRIP='strip'
VERSION='2.2.2'
XMKMF=''
ac_ct_AR='ar'
ac_ct_CC='gcc'
ac_ct_DUMPBIN=''
am__EXEEXT_FALSE=''
am__EXEEXT_TRUE='#'
am__fastdepCC_FALSE='#'
am__fastdepCC_TRUE=''
am__include='include'
am__isrc=''
am__leading_dot='.'
am__nodep='_no'
am__quote=''
am__tar='$${TAR-tar} chof - "$$tardir"'
am__untar='$${TAR-tar} xf -'
ax_pthread_config=''
bindir='${exec_prefix}/bin'
build='x86_64-unknown-linux-gnu'
build_alias=''
build_cpu='x86_64'
build_os='linux-gnu'
build_vendor='unknown'
datadir='${datarootdir}'
datarootdir='${prefix}/share'
docdir='${datarootdir}/doc/${PACKAGE_TARNAME}'
dvidir='${docdir}'
exec_prefix='${prefix}'
host='x86_64-unknown-linux-gnu'
host_alias=''
host_cpu='x86_64'
host_os='linux-gnu'
host_vendor='unknown'
htmldir='${docdir}'
includedir='${prefix}/include'
infodir='${datarootdir}/info'
install_sh='${SHELL} /mnt/galaxyTools/tools/perlmodules/perl5/modules/libgd-2.2.2/config/install-sh'
libdir='${exec_prefix}/lib'
libexecdir='${exec_prefix}/libexec'
localedir='${datarootdir}/locale'
localstatedir='${prefix}/var'
mandir='${datarootdir}/man'
mkdir_p='$(MKDIR_P)'
oldincludedir='/usr/include'
pdfdir='${docdir}'
prefix='/usr/local'
program_transform_name='s,x,x,'
psdir='${docdir}'
sbindir='${exec_prefix}/sbin'
sharedstatedir='${prefix}/com'
sysconfdir='${prefix}/etc'
target_alias=''

## ----------- ##
## confdefs.h. ##
## ----------- ##

/* confdefs.h */
#define PACKAGE_NAME "GD"
#define PACKAGE_TARNAME "libgd"
#define PACKAGE_VERSION "2.2.2"
#define PACKAGE_STRING "GD 2.2.2"
#define PACKAGE_BUGREPORT "https://github.com/libgd/libgd/issues"
#define PACKAGE_URL "http://lib.gd"
#define PACKAGE "libgd"
#define VERSION "2.2.2"
#define STDC_HEADERS 1
#define HAVE_SYS_TYPES_H 1
#define HAVE_SYS_STAT_H 1
#define HAVE_STDLIB_H 1
#define HAVE_STRING_H 1
#define HAVE_MEMORY_H 1
#define HAVE_STRINGS_H 1
#define HAVE_INTTYPES_H 1
#define HAVE_STDINT_H 1
#define HAVE_UNISTD_H 1
#define HAVE_DLFCN_H 1
#define LT_OBJDIR ".libs/"
#define STDC_HEADERS 1
#define HAVE_DIRENT_H 1
#define HAVE_ERRNO_H 1
#define HAVE_INTTYPES_H 1
#define HAVE_LIMITS_H 1
#define HAVE_STDDEF_H 1
#define HAVE_STDINT_H 1
#define HAVE_STDLIB_H 1
#define HAVE_STRING_H 1
#define HAVE_STRINGS_H 1
#define HAVE_UNISTD_H 1
#define HAVE_SYS_STAT_H 1
#define HAVE_SYS_TYPES_H 1
#define HAVE_ICONV 1
#define ICONV_CONST 
#define HAVE_ICONV_H 1
#define HAVE_ICONV_T_DEF 1
#define HAVE_LIBM 1
#define HAVE_PTHREAD_PRIO_INHERIT 1
#define HAVE_PTHREAD 1
#define HAVE_OPENMP 1
#define HAVE_LIBZ 1
#define HAVE_LIBPNG 1
#define HAVE_LIBFREETYPE 1
#define HAVE_FT2BUILD_H 1
#define HAVE_LIBFONTCONFIG 1
#define HAVE_LIBJPEG 1
#define HAVE_LIBXPM 1
#define HAVE_LIBTIFF 1
#define HAVE_LIBWEBP 1
#define HAVE_VISIBILITY 1

configure: exit 0
